<?xml version="1.0" encoding="UTF-8"?>
<!-- Generated by org.testng.reporters.JUnitReportReporter -->
<testsuite skipped="0" hostname="chetan-PC" name="com.test.testcases.HomePageTest" tests="5" failures="0" timestamp="26 Dec 2018 05:39:50 GMT" time="46.267" errors="0">
  <testcase name="verifyHomePageTitleTest" time="10.135" classname="com.test.testcases.HomePageTest"/>
  <testcase name="verifyPurchaseLinkTest" time="10.207" classname="com.test.testcases.HomePageTest"/>
  <testcase name="verifytestAndInventoryTest" time="8.074" classname="com.test.testcases.HomePageTest"/>
  <testcase name="verifyManufacturingLinkTest" time="8.519" classname="com.test.testcases.HomePageTest"/>
  <testcase name="verifyFixedAssetLinkLinkTest" time="9.332" classname="com.test.testcases.HomePageTest"/>
</testsuite> <!-- com.test.testcases.HomePageTest -->
