<?xml version="1.0" encoding="UTF-8"?>
<!-- Generated by org.testng.reporters.JUnitReportReporter -->
<testsuite skipped="1" hostname="chetan-PC" name="com.test.testcases.LoginPageTest" tests="4" failures="0" timestamp="25 Dec 2018 10:14:19 GMT" time="76.446" errors="0">
  <testcase name="loginTitleTest" time="24.140" classname="com.test.testcases.LoginPageTest"/>
  <testcase name="frontAccountinglogotest" time="29.275" classname="com.test.testcases.LoginPageTest"/>
  <testcase name="validateLoginData" time="22.860" classname="com.test.testcases.LoginPageTest">
    <skipped/>
  </testcase> <!-- validateLoginData -->
  <testcase name="dropDownTest" time="0.171" classname="com.test.testcases.LoginPageTest"/>
</testsuite> <!-- com.test.testcases.LoginPageTest -->
